#
# There is insufficient memory for the Java Runtime Environment to continue.
# Native memory allocation (mmap) failed to map 321912832 bytes for committing reserved memory.
# Possible reasons:
#   The system is out of physical RAM or swap space
#   In 32 bit mode, the process size limit was hit
# Possible solutions:
#   Reduce memory load on the system
#   Increase physical memory or swap space
#   Check if swap backing store is full
#   Use 64 bit Java on a 64 bit OS
#   Decrease Java heap size (-Xmx/-Xms)
#   Decrease number of Java threads
#   Decrease Java thread stack sizes (-Xss)
#   Set larger code cache with -XX:ReservedCodeCacheSize=
# This output file may be truncated or incomplete.
#
#  Out of Memory Error (os_linux.cpp:2640), pid=5801, tid=0x00007fc0e8e13700
#
# JRE version: Java(TM) SE Runtime Environment (8.0_151-b12) (build 1.8.0_151-b12)
# Java VM: Java HotSpot(TM) 64-Bit Server VM (25.151-b12 mixed mode linux-amd64 compressed oops)
# Failed to write core dump. Core dumps have been disabled. To enable core dumping, try "ulimit -c unlimited" before starting Java again
#

---------------  T H R E A D  ---------------

Current thread (0x00007fc0fc078000):  VMThread [stack: 0x00007fc0e8d13000,0x00007fc0e8e14000] [id=5811]

Stack: [0x00007fc0e8d13000,0x00007fc0e8e14000],  sp=0x00007fc0e8e12120,  free space=1020k
Native frames: (J=compiled Java code, j=interpreted, Vv=VM code, C=native code)
V  [libjvm.so+0xacb58a]  VMError::report_and_die()+0x2ba
V  [libjvm.so+0x4ff4ab]  report_vm_out_of_memory(char const*, int, unsigned long, VMErrorType, char const*)+0x8b
V  [libjvm.so+0x928113]  os::Linux::commit_memory_impl(char*, unsigned long, bool)+0x103
V  [libjvm.so+0x928669]  os::pd_commit_memory(char*, unsigned long, unsigned long, bool)+0x29
V  [libjvm.so+0x92288a]  os::commit_memory(char*, unsigned long, unsigned long, bool)+0x2a
V  [libjvm.so+0x9973e3]  PSVirtualSpace::expand_by(unsigned long)+0x53
V  [libjvm.so+0x987ca0]  PSOldGen::expand(unsigned long)+0x170
V  [libjvm.so+0x987eab]  PSOldGen::resize(unsigned long)+0x1cb
V  [libjvm.so+0x98fbb1]  PSParallelCompact::invoke_no_policy(bool)+0x991
V  [libjvm.so+0x99550d]  PSScavenge::invoke()+0x1ad
V  [libjvm.so+0x94c0d0]  ParallelScavengeHeap::failed_mem_allocate(unsigned long)+0x70
V  [libjvm.so+0xaccfa7]  VM_ParallelGCFailedAllocation::doit()+0x97
V  [libjvm.so+0xad4a85]  VM_Operation::evaluate()+0x55
V  [libjvm.so+0xad2e5a]  VMThread::evaluate_operation(VM_Operation*)+0xba
V  [libjvm.so+0xad31de]  VMThread::loop()+0x1ce
V  [libjvm.so+0xad3650]  VMThread::run()+0x70
V  [libjvm.so+0x92a728]  java_start(Thread*)+0x108

VM_Operation (0x00007fc0abcfb050): ParallelGCFailedAllocation, mode: safepoint, requested by thread 0x00007fc0fc1d6800


---------------  P R O C E S S  ---------------

Java Threads: ( => current thread )
  0x00007fc0fc1d8000 JavaThread "pool-2-thread-4" [_thread_blocked, id=5824, stack(0x00007fc0abafb000,0x00007fc0abbfc000)]
  0x00007fc0fc1d6800 JavaThread "pool-2-thread-3" [_thread_blocked, id=5823, stack(0x00007fc0abbfc000,0x00007fc0abcfd000)]
  0x00007fc0fc1d5800 JavaThread "pool-2-thread-2" [_thread_blocked, id=5822, stack(0x00007fc0abcfd000,0x00007fc0abdfe000)]
  0x00007fc0fc1d2800 JavaThread "pool-3-thread-1" [_thread_blocked, id=5821, stack(0x00007fc0abdfe000,0x00007fc0abeff000)]
  0x00007fc0fc1d1000 JavaThread "pool-2-thread-1" [_thread_blocked, id=5820, stack(0x00007fc0abeff000,0x00007fc0ac000000)]
  0x00007fc0fc0c0800 JavaThread "Service Thread" daemon [_thread_blocked, id=5818, stack(0x00007fc0e82c9000,0x00007fc0e83ca000)]
  0x00007fc0fc0bd800 JavaThread "C1 CompilerThread2" daemon [_thread_blocked, id=5817, stack(0x00007fc0e83ca000,0x00007fc0e84cb000)]
  0x00007fc0fc0bb800 JavaThread "C2 CompilerThread1" daemon [_thread_blocked, id=5816, stack(0x00007fc0e84cb000,0x00007fc0e85cc000)]
  0x00007fc0fc0b9000 JavaThread "C2 CompilerThread0" daemon [_thread_blocked, id=5815, stack(0x00007fc0e85cc000,0x00007fc0e86cd000)]
  0x00007fc0fc0b7800 JavaThread "Signal Dispatcher" daemon [_thread_blocked, id=5814, stack(0x00007fc0e86cd000,0x00007fc0e87ce000)]
  0x00007fc0fc084000 JavaThread "Finalizer" daemon [_thread_blocked, id=5813, stack(0x00007fc0e8b11000,0x00007fc0e8c12000)]
  0x00007fc0fc07f800 JavaThread "Reference Handler" daemon [_thread_blocked, id=5812, stack(0x00007fc0e8c12000,0x00007fc0e8d13000)]
  0x00007fc0fc00a000 JavaThread "main" [_thread_blocked, id=5805, stack(0x00007fc102414000,0x00007fc102515000)]

Other Threads:
=>0x00007fc0fc078000 VMThread [stack: 0x00007fc0e8d13000,0x00007fc0e8e14000] [id=5811]
  0x00007fc0fc0c3800 WatcherThread [stack: 0x00007fc0e81c8000,0x00007fc0e82c9000] [id=5819]

VM state:at safepoint (normal execution)

VM Mutex/Monitor currently owned by a thread:  ([mutex/lock_event])
[0x00007fc0fc005f70] ExpandHeap_lock - owner thread: 0x00007fc0fc078000
[0x00007fc0fc0065f0] Threads_lock - owner thread: 0x00007fc0fc078000
[0x00007fc0fc006af0] Heap_lock - owner thread: 0x00007fc0fc1d6800

Heap:
 PSYoungGen      total 1057792K, used 49034K [0x000000076ab00000, 0x00000007b8380000, 0x00000007c0000000)
  eden space 861696K, 0% used [0x000000076ab00000,0x000000076ab00000,0x000000079f480000)
  from space 196096K, 25% used [0x00000007ab300000,0x00000007ae2e2810,0x00000007b7280000)
  to   space 195072K, 0% used [0x000000079f480000,0x000000079f480000,0x00000007ab300000)
 ParOldGen       total 783872K, used 783829K [0x00000006c0000000, 0x00000006efd80000, 0x000000076ab00000)
  object space 783872K, 99% used [0x00000006c0000000,0x00000006efd75728,0x00000006efd80000)
 Metaspace       used 6701K, capacity 7320K, committed 7680K, reserved 1056768K
  class space    used 632K, capacity 656K, committed 768K, reserved 1048576K

Card table byte_map: [0x00007fc0eb9c0000,0x00007fc0ec1c1000] byte_map_base: 0x00007fc0e83c0000

Marking Bits: (ParMarkBitMap*) 0x00007fc1018fef80
 Begin Bits: [0x00007fc0cc000000, 0x00007fc0d0000000)
 End Bits:   [0x00007fc0d0000000, 0x00007fc0d4000000)

Polling page: 0x00007fc10254f000

CodeCache: size=245760Kb used=13462Kb max_used=13462Kb free=232297Kb
 bounds [0x00007fc0ec581000, 0x00007fc0ed2e1000, 0x00007fc0fb581000]
 total_blobs=2800 nmethods=2529 adapters=183
 compilation: enabled

Compilation events (10 events):
Event: 70.581 Thread 0x00007fc0fc0bd800 3343       3       com.android.dx.cf.code.BasicBlocker::visitNoArgs (298 bytes)
Event: 70.583 Thread 0x00007fc0fc0bd800 nmethod 3343 0x00007fc0ecc73590 code [0x00007fc0ecc73800, 0x00007fc0ecc74578]
Event: 70.583 Thread 0x00007fc0fc0bd800 3344       3       java.util.HashMap::tableSizeFor (59 bytes)
Event: 70.583 Thread 0x00007fc0fc0bd800 nmethod 3344 0x00007fc0ecd16e90 code [0x00007fc0ecd17000, 0x00007fc0ecd17210]
Event: 70.584 Thread 0x00007fc0fc0bd800 3345       3       com.android.dx.cf.code.BaseMachine::<init> (46 bytes)
Event: 70.585 Thread 0x00007fc0fc0bd800 nmethod 3345 0x00007fc0ed261290 code [0x00007fc0ed261420, 0x00007fc0ed2618d8]
Event: 70.587 Thread 0x00007fc0fc0bd800 3346       3       com.android.dx.dex.cf.OptimizerOptions::shouldOptimize (38 bytes)
Event: 70.588 Thread 0x00007fc0fc0bd800 nmethod 3346 0x00007fc0ecff7c50 code [0x00007fc0ecff7e40, 0x00007fc0ecff8798]
Event: 70.590 Thread 0x00007fc0fc0bd800 3347       3       com.android.dx.cf.code.BasicBlocker::<init> (79 bytes)
Event: 70.591 Thread 0x00007fc0fc0bd800 nmethod 3347 0x00007fc0eca3ba50 code [0x00007fc0eca3bc20, 0x00007fc0eca3c628]

GC Heap History (10 events):
Event: 55.325 GC heap after
Heap after GC invocations=20 (full 4):
 PSYoungGen      total 681472K, used 681444K [0x000000076ab00000, 0x00000007a9880000, 0x00000007c0000000)
  eden space 560640K, 100% used [0x000000076ab00000,0x000000078ce80000,0x000000078ce80000)
  from space 120832K, 99% used [0x000000078ce80000,0x00000007944791c8,0x0000000794480000)
  to   space 164864K, 53% used [0x000000079f780000,0x00000007a4d970f8,0x00000007a9880000)
 ParOldGen       total 568320K, used 567647K [0x00000006c0000000, 0x00000006e2b00000, 0x000000076ab00000)
  object space 568320K, 99% used [0x00000006c0000000,0x00000006e2a57cf8,0x00000006e2b00000)
 Metaspace       used 6696K, capacity 7320K, committed 7680K, reserved 1056768K
  class space    used 631K, capacity 656K, committed 768K, reserved 1048576K
}
Event: 55.325 GC heap before
{Heap before GC invocations=21 (full 5):
 PSYoungGen      total 681472K, used 681444K [0x000000076ab00000, 0x00000007a9880000, 0x00000007c0000000)
  eden space 560640K, 100% used [0x000000076ab00000,0x000000078ce80000,0x000000078ce80000)
  from space 120832K, 99% used [0x000000078ce80000,0x00000007944791c8,0x0000000794480000)
  to   space 164864K, 53% used [0x000000079f780000,0x00000007a4d970f8,0x00000007a9880000)
 ParOldGen       total 568320K, used 567647K [0x00000006c0000000, 0x00000006e2b00000, 0x000000076ab00000)
  object space 568320K, 99% used [0x00000006c0000000,0x00000006e2a57cf8,0x00000006e2b00000)
 Metaspace       used 6696K, capacity 7320K, committed 7680K, reserved 1056768K
  class space    used 631K, capacity 656K, committed 768K, reserved 1048576K
Event: 60.587 GC heap after
Heap after GC invocations=21 (full 5):
 PSYoungGen      total 681472K, used 0K [0x000000076ab00000, 0x00000007a9880000, 0x00000007c0000000)
  eden space 560640K, 0% used [0x000000076ab00000,0x000000076ab00000,0x000000078ce80000)
  from space 120832K, 0% used [0x000000078ce80000,0x000000078ce80000,0x0000000794480000)
  to   space 164864K, 0% used [0x000000079f780000,0x000000079f780000,0x00000007a9880000)
 ParOldGen       total 783872K, used 561123K [0x00000006c0000000, 0x00000006efd80000, 0x000000076ab00000)
  object space 783872K, 71% used [0x00000006c0000000,0x00000006e23f8d08,0x00000006efd80000)
 Metaspace       used 6696K, capacity 7320K, committed 7680K, reserved 1056768K
  class space    used 631K, capacity 656K, committed 768K, reserved 1048576K
}
Event: 63.009 GC heap before
{Heap before GC invocations=22 (full 5):
 PSYoungGen      total 681472K, used 560640K [0x000000076ab00000, 0x00000007a9880000, 0x00000007c0000000)
  eden space 560640K, 100% used [0x000000076ab00000,0x000000078ce80000,0x000000078ce80000)
  from space 120832K, 0% used [0x000000078ce80000,0x000000078ce80000,0x0000000794480000)
  to   space 164864K, 0% used [0x000000079f780000,0x000000079f780000,0x00000007a9880000)
 ParOldGen       total 783872K, used 561123K [0x00000006c0000000, 0x00000006efd80000, 0x000000076ab00000)
  object space 783872K, 71% used [0x00000006c0000000,0x00000006e23f8d08,0x00000006efd80000)
 Metaspace       used 6696K, capacity 7320K, committed 7680K, reserved 1056768K
  class space    used 631K, capacity 656K, committed 768K, reserved 1048576K
Event: 63.133 GC heap after
Heap after GC invocations=22 (full 5):
 PSYoungGen      total 842240K, used 82555K [0x000000076ab00000, 0x00000007a8b00000, 0x00000007c0000000)
  eden space 691200K, 0% used [0x000000076ab00000,0x000000076ab00000,0x0000000794e00000)
  from space 151040K, 54% used [0x000000079f780000,0x00000007a481ed20,0x00000007a8b00000)
  to   space 162304K, 0% used [0x0000000794e00000,0x0000000794e00000,0x000000079ec80000)
 ParOldGen       total 783872K, used 561123K [0x00000006c0000000, 0x00000006efd80000, 0x000000076ab00000)
  object space 783872K, 71% used [0x00000006c0000000,0x00000006e23f8d08,0x00000006efd80000)
 Metaspace       used 6696K, capacity 7320K, committed 7680K, reserved 1056768K
  class space    used 631K, capacity 656K, committed 768K, reserved 1048576K
}
Event: 66.976 GC heap before
{Heap before GC invocations=23 (full 5):
 PSYoungGen      total 842240K, used 773755K [0x000000076ab00000, 0x00000007a8b00000, 0x00000007c0000000)
  eden space 691200K, 100% used [0x000000076ab00000,0x0000000794e00000,0x0000000794e00000)
  from space 151040K, 54% used [0x000000079f780000,0x00000007a481ed20,0x00000007a8b00000)
  to   space 162304K, 0% used [0x0000000794e00000,0x0000000794e00000,0x000000079ec80000)
 ParOldGen       total 783872K, used 561123K [0x00000006c0000000, 0x00000006efd80000, 0x000000076ab00000)
  object space 783872K, 71% used [0x00000006c0000000,0x00000006e23f8d08,0x00000006efd80000)
 Metaspace       used 6699K, capacity 7320K, committed 7680K, reserved 1056768K
  class space    used 631K, capacity 656K, committed 768K, reserved 1048576K
Event: 67.796 GC heap after
Heap after GC invocations=23 (full 5):
 PSYoungGen      total 853504K, used 162273K [0x000000076ab00000, 0x00000007b7280000, 0x00000007c0000000)
  eden space 691200K, 0% used [0x000000076ab00000,0x000000076ab00000,0x0000000794e00000)
  from space 162304K, 99% used [0x0000000794e00000,0x000000079ec784b0,0x000000079ec80000)
  to   space 196096K, 0% used [0x00000007ab300000,0x00000007ab300000,0x00000007b7280000)
 ParOldGen       total 783872K, used 579770K [0x00000006c0000000, 0x00000006efd80000, 0x000000076ab00000)
  object space 783872K, 73% used [0x00000006c0000000,0x00000006e362e800,0x00000006efd80000)
 Metaspace       used 6699K, capacity 7320K, committed 7680K, reserved 1056768K
  class space    used 631K, capacity 656K, committed 768K, reserved 1048576K
}
Event: 70.637 GC heap before
{Heap before GC invocations=24 (full 5):
 PSYoungGen      total 853504K, used 853473K [0x000000076ab00000, 0x00000007b7280000, 0x00000007c0000000)
  eden space 691200K, 100% used [0x000000076ab00000,0x0000000794e00000,0x0000000794e00000)
  from space 162304K, 99% used [0x0000000794e00000,0x000000079ec784b0,0x000000079ec80000)
  to   space 196096K, 0% used [0x00000007ab300000,0x00000007ab300000,0x00000007b7280000)
 ParOldGen       total 783872K, used 579770K [0x00000006c0000000, 0x00000006efd80000, 0x000000076ab00000)
  object space 783872K, 73% used [0x00000006c0000000,0x00000006e362e800,0x00000006efd80000)
 Metaspace       used 6701K, capacity 7320K, committed 7680K, reserved 1056768K
  class space    used 632K, capacity 656K, committed 768K, reserved 1048576K
Event: 71.662 GC heap after
Heap after GC invocations=24 (full 5):
 PSYoungGen      total 1057792K, used 105243K [0x000000076ab00000, 0x00000007b8380000, 0x00000007c0000000)
  eden space 861696K, 0% used [0x000000076ab00000,0x000000076ab00000,0x000000079f480000)
  from space 196096K, 53% used [0x00000007ab300000,0x00000007b19c6f50,0x00000007b7280000)
  to   space 195072K, 0% used [0x000000079f480000,0x000000079f480000,0x00000007ab300000)
 ParOldGen       total 783872K, used 742897K [0x00000006c0000000, 0x00000006efd80000, 0x000000076ab00000)
  object space 783872K, 94% used [0x00000006c0000000,0x00000006ed57c638,0x00000006efd80000)
 Metaspace       used 6701K, capacity 7320K, committed 7680K, reserved 1056768K
  class space    used 632K, capacity 656K, committed 768K, reserved 1048576K
}
Event: 71.679 GC heap before
{Heap before GC invocations=25 (full 6):
 PSYoungGen      total 1057792K, used 105243K [0x000000076ab00000, 0x00000007b8380000, 0x00000007c0000000)
  eden space 861696K, 0% used [0x000000076ab00000,0x000000076ab00000,0x000000079f480000)
  from space 196096K, 53% used [0x00000007ab300000,0x00000007b19c6f50,0x00000007b7280000)
  to   space 195072K, 0% used [0x000000079f480000,0x000000079f480000,0x00000007ab300000)
 ParOldGen       total 783872K, used 742897K [0x00000006c0000000, 0x00000006efd80000, 0x000000076ab00000)
  object space 783872K, 94% used [0x00000006c0000000,0x00000006ed57c638,0x00000006efd80000)
 Metaspace       used 6701K, capacity 7320K, committed 7680K, reserved 1056768K
  class space    used 632K, capacity 656K, committed 768K, reserved 1048576K

Deoptimization events (10 events):
Event: 62.997 Thread 0x00007fc0fc1d6800 Uncommon trap: reason=null_check action=make_not_entrant pc=0x00007fc0ed236cac method=com.android.dx.dex.file.FieldIdsSection.intern(Lcom/android/dx/rop/cst/CstFieldRef;)Lcom/android/dx/dex/file/FieldIdItem; @ 26
Event: 63.375 Thread 0x00007fc0fc1d5800 Uncommon trap: reason=null_check action=make_not_entrant pc=0x00007fc0ecb3be24 method=com.android.dx.dex.file.FieldIdsSection.intern(Lcom/android/dx/rop/cst/CstFieldRef;)Lcom/android/dx/dex/file/FieldIdItem; @ 26
Event: 63.521 Thread 0x00007fc0fc1d5800 Uncommon trap: reason=unstable_if action=reinterpret pc=0x00007fc0ed0173dc method=com.android.dx.ssa.SsaMethod.makeExitBlock()V @ 103
Event: 63.540 Thread 0x00007fc0fc1d5800 Uncommon trap: reason=unstable_if action=reinterpret pc=0x00007fc0ed064d80 method=com.android.dx.ssa.SsaMethod.getExitBlock()Lcom/android/dx/ssa/SsaBasicBlock; @ 4
Event: 64.124 Thread 0x00007fc0fc00a000 Uncommon trap: reason=bimorphic action=maybe_recompile pc=0x00007fc0ed25139c method=com.android.dx.cf.code.BytecodeArray.parseInstruction(ILcom/android/dx/cf/code/BytecodeArray$Visitor;)I @ 1447
Event: 64.125 Thread 0x00007fc0fc00a000 Uncommon trap: reason=bimorphic action=maybe_recompile pc=0x00007fc0ed25139c method=com.android.dx.cf.code.BytecodeArray.parseInstruction(ILcom/android/dx/cf/code/BytecodeArray$Visitor;)I @ 1447
Event: 68.827 Thread 0x00007fc0fc1d6800 Uncommon trap: reason=unstable_if action=reinterpret pc=0x00007fc0eccd57ac method=com.android.dx.dex.code.OutputFinisher.hasLocalInfo(Lcom/android/dx/rop/code/RegisterSpec;)Z @ 1
Event: 68.827 Thread 0x00007fc0fc1d6800 Uncommon trap: reason=unstable_if action=reinterpret pc=0x00007fc0ec6d5ea0 method=com.android.dx.dex.code.OutputFinisher.hasLocalInfo(Lcom/android/dx/rop/code/RegisterSpec;)Z @ 1
Event: 70.007 Thread 0x00007fc0fc1d1000 Uncommon trap: reason=unstable_if action=reinterpret pc=0x00007fc0ec8b06a0 method=com.android.dx.ssa.SCCP.simulateStmt(Lcom/android/dx/ssa/SsaInsn;)V @ 435
Event: 70.509 Thread 0x00007fc0fc1d1000 Uncommon trap: reason=unstable_if action=reinterpret pc=0x00007fc0ed2a66b0 method=com.android.dx.ssa.back.SsaToRop.convertBasicBlock(Lcom/android/dx/ssa/SsaBasicBlock;)Lcom/android/dx/rop/code/BasicBlock; @ 21

Internal exceptions (10 events):
Event: 0.030 Thread 0x00007fc0fc00a000 Exception <a 'java/lang/NoSuchMethodError': Method sun.misc.Unsafe.defineClass(Ljava/lang/String;[BII)Ljava/lang/Class; name or signature does not match> (0x000000076ab07ca8) thrown at [/HUDSON/workspace/8-2-build-linux-amd64/jdk8u151/9699/hotspot/src/sha
Event: 0.030 Thread 0x00007fc0fc00a000 Exception <a 'java/lang/NoSuchMethodError': Method sun.misc.Unsafe.prefetchRead(Ljava/lang/Object;J)V name or signature does not match> (0x000000076ab07f90) thrown at [/HUDSON/workspace/8-2-build-linux-amd64/jdk8u151/9699/hotspot/src/share/vm/prims/jni.cp
Event: 3.618 Thread 0x00007fc0fc1d5800 Exception <a 'java/lang/ArrayIndexOutOfBoundsException': 18> (0x000000076cb1bc80) thrown at [/HUDSON/workspace/8-2-build-linux-amd64/jdk8u151/9699/hotspot/src/share/vm/interpreter/interpreterRuntime.cpp, line 366]
Event: 3.619 Thread 0x00007fc0fc1d5800 Exception <a 'java/lang/ArrayIndexOutOfBoundsException': 145> (0x000000076cb1d800) thrown at [/HUDSON/workspace/8-2-build-linux-amd64/jdk8u151/9699/hotspot/src/share/vm/interpreter/interpreterRuntime.cpp, line 366]
Event: 3.620 Thread 0x00007fc0fc1d5800 Exception <a 'java/lang/ArrayIndexOutOfBoundsException': 40> (0x000000076cb1eae8) thrown at [/HUDSON/workspace/8-2-build-linux-amd64/jdk8u151/9699/hotspot/src/share/vm/interpreter/interpreterRuntime.cpp, line 366]
Event: 6.979 Thread 0x00007fc0fc1d5800 Implicit null exception at 0x00007fc0ecdafeda to 0x00007fc0ecdb26f9
Event: 52.345 Thread 0x00007fc0fc1d5800 Implicit null exception at 0x00007fc0ece3a691 to 0x00007fc0ece3cf39
Event: 52.466 Thread 0x00007fc0fc1d6800 Implicit null exception at 0x00007fc0ec6b84b4 to 0x00007fc0ec6b9347
Event: 68.827 Thread 0x00007fc0fc1d6800 Implicit null exception at 0x00007fc0eccd4390 to 0x00007fc0eccd578f
Event: 68.827 Thread 0x00007fc0fc1d6800 Implicit null exception at 0x00007fc0ec6d5d72 to 0x00007fc0ec6d5e8d

Events (10 events):
Event: 70.007 Thread 0x00007fc0fc1d1000 DEOPT PACKING pc=0x00007fc0ec8b06a0 sp=0x00007fc0abffdf90
Event: 70.007 Thread 0x00007fc0fc1d1000 DEOPT UNPACKING pc=0x00007fc0ec586229 sp=0x00007fc0abffdf28 mode 2
Event: 70.114 loading class com/android/dx/rop/code/RegisterSpec$1
Event: 70.114 loading class com/android/dx/rop/code/RegisterSpec$1 done
Event: 70.509 Thread 0x00007fc0fc1d1000 Uncommon trap: trap_request=0xffffff65 fr.pc=0x00007fc0ed2a66b0
Event: 70.509 Thread 0x00007fc0fc1d1000 DEOPT PACKING pc=0x00007fc0ed2a66b0 sp=0x00007fc0abffdf60
Event: 70.509 Thread 0x00007fc0fc1d1000 DEOPT UNPACKING pc=0x00007fc0ec586229 sp=0x00007fc0abffdf00 mode 2
Event: 70.589 Thread 0x00007fc0fc1d6800 DEOPT PACKING pc=0x00007fc0ec8f1f10 sp=0x00007fc0abcfafa0
Event: 70.589 Thread 0x00007fc0fc1d6800 DEOPT UNPACKING pc=0x00007fc0ec5c8633 sp=0x00007fc0abcfada8 mode 0
Event: 70.636 Executing VM operation: ParallelGCFailedAllocation


Dynamic libraries:
00400000-00401000 r-xp 00000000 fc:01 8399838                            /usr/lib/jvm/java-8-oracle/bin/java
00600000-00601000 rw-p 00000000 fc:01 8399838                            /usr/lib/jvm/java-8-oracle/bin/java
01e4b000-01e6c000 rw-p 00000000 00:00 0                                  [heap]
6c0000000-6efd80000 rw-p 00000000 00:00 0 
703080000-76ab00000 ---p 00000000 00:00 0 
76ab00000-7b8380000 rw-p 00000000 00:00 0 
7b8380000-7c0000000 ---p 00000000 00:00 0 
7c0000000-7c00c0000 rw-p 00000000 00:00 0 
7c00c0000-800000000 ---p 00000000 00:00 0 
7fc094000000-7fc09405b000 rw-p 00000000 00:00 0 
7fc09405b000-7fc098000000 ---p 00000000 00:00 0 
7fc098000000-7fc09806a000 rw-p 00000000 00:00 0 
7fc09806a000-7fc09c000000 ---p 00000000 00:00 0 
7fc09c000000-7fc09c021000 rw-p 00000000 00:00 0 
7fc09c021000-7fc0a0000000 ---p 00000000 00:00 0 
7fc0a0000000-7fc0a008b000 rw-p 00000000 00:00 0 
7fc0a008b000-7fc0a4000000 ---p 00000000 00:00 0 
7fc0a4000000-7fc0a4074000 rw-p 00000000 00:00 0 
7fc0a4074000-7fc0a8000000 ---p 00000000 00:00 0 
7fc0abafb000-7fc0abafe000 ---p 00000000 00:00 0 
7fc0abafe000-7fc0abbfc000 rw-p 00000000 00:00 0 
7fc0abbfc000-7fc0abbff000 ---p 00000000 00:00 0 
7fc0abbff000-7fc0abcfd000 rw-p 00000000 00:00 0 
7fc0abcfd000-7fc0abd00000 ---p 00000000 00:00 0 
7fc0abd00000-7fc0abdfe000 rw-p 00000000 00:00 0 
7fc0abdfe000-7fc0abe01000 ---p 00000000 00:00 0 
7fc0abe01000-7fc0abeff000 rw-p 00000000 00:00 0 
7fc0abeff000-7fc0abf02000 ---p 00000000 00:00 0 
7fc0abf02000-7fc0ac000000 rw-p 00000000 00:00 0 
7fc0ac000000-7fc0ac021000 rw-p 00000000 00:00 0 
7fc0ac021000-7fc0b0000000 ---p 00000000 00:00 0 
7fc0b0000000-7fc0b0021000 rw-p 00000000 00:00 0 
7fc0b0021000-7fc0b4000000 ---p 00000000 00:00 0 
7fc0b4000000-7fc0b5712000 rw-p 00000000 00:00 0 
7fc0b5712000-7fc0b8000000 ---p 00000000 00:00 0 
7fc0b8000000-7fc0b8a82000 rw-p 00000000 00:00 0 
7fc0b8a82000-7fc0bc000000 ---p 00000000 00:00 0 
7fc0bc000000-7fc0bc021000 rw-p 00000000 00:00 0 
7fc0bc021000-7fc0c0000000 ---p 00000000 00:00 0 
7fc0c0000000-7fc0c1719000 rw-p 00000000 00:00 0 
7fc0c1719000-7fc0c4000000 ---p 00000000 00:00 0 
7fc0c4000000-7fc0c4021000 rw-p 00000000 00:00 0 
7fc0c4021000-7fc0c8000000 ---p 00000000 00:00 0 
7fc0c8000000-7fc0c8021000 rw-p 00000000 00:00 0 
7fc0c8021000-7fc0cc000000 ---p 00000000 00:00 0 
7fc0cc000000-7fc0d4000000 rw-p 00000000 00:00 0 
7fc0d4000000-7fc0d41bb000 rw-p 00000000 00:00 0 
7fc0d41bb000-7fc0d8000000 ---p 00000000 00:00 0 
7fc0d8000000-7fc0d82a9000 rw-p 00000000 00:00 0 
7fc0d82a9000-7fc0dc000000 ---p 00000000 00:00 0 
7fc0dc000000-7fc0dc105000 rw-p 00000000 00:00 0 
7fc0dc105000-7fc0e0000000 ---p 00000000 00:00 0 
7fc0e0000000-7fc0e0024000 rw-p 00000000 00:00 0 
7fc0e0024000-7fc0e4000000 ---p 00000000 00:00 0 
7fc0e4000000-7fc0e4021000 rw-p 00000000 00:00 0 
7fc0e4021000-7fc0e8000000 ---p 00000000 00:00 0 
7fc0e80f2000-7fc0e81c8000 r--s 0098a000 fc:01 8557255                    /home/ddeath/projects/night-of-chances-registration/mobile/NxBuddy/android/app/build/intermediates/transforms/jarMerging/release/jars/1/1f/combined.jar
7fc0e81c8000-7fc0e81c9000 ---p 00000000 00:00 0 
7fc0e81c9000-7fc0e82c9000 rw-p 00000000 00:00 0 
7fc0e82c9000-7fc0e82cc000 ---p 00000000 00:00 0 
7fc0e82cc000-7fc0e83ca000 rw-p 00000000 00:00 0 
7fc0e83ca000-7fc0e83cd000 ---p 00000000 00:00 0 
7fc0e83cd000-7fc0e84cb000 rw-p 00000000 00:00 0 
7fc0e84cb000-7fc0e84ce000 ---p 00000000 00:00 0 
7fc0e84ce000-7fc0e85cc000 rw-p 00000000 00:00 0 
7fc0e85cc000-7fc0e85cf000 ---p 00000000 00:00 0 
7fc0e85cf000-7fc0e86cd000 rw-p 00000000 00:00 0 
7fc0e86cd000-7fc0e86d0000 ---p 00000000 00:00 0 
7fc0e86d0000-7fc0e87ce000 rw-p 00000000 00:00 0 
7fc0e87ce000-7fc0e8b11000 r--p 00000000 fc:01 8463331                    /usr/lib/locale/locale-archive
7fc0e8b11000-7fc0e8b14000 ---p 00000000 00:00 0 
7fc0e8b14000-7fc0e8c12000 rw-p 00000000 00:00 0 
7fc0e8c12000-7fc0e8c15000 ---p 00000000 00:00 0 
7fc0e8c15000-7fc0e8d13000 rw-p 00000000 00:00 0 
7fc0e8d13000-7fc0e8d14000 ---p 00000000 00:00 0 
7fc0e8d14000-7fc0e9e17000 rw-p 00000000 00:00 0 
7fc0e9e17000-7fc0e9ff0000 r--s 03d5a000 fc:01 8440047                    /usr/lib/jvm/java-8-oracle/jre/lib/rt.jar
7fc0e9ff0000-7fc0ea726000 rw-p 00000000 00:00 0 
7fc0ea726000-7fc0ea866000 ---p 00000000 00:00 0 
7fc0ea866000-7fc0eb066000 rw-p 00000000 00:00 0 
7fc0eb066000-7fc0eb067000 ---p 00000000 00:00 0 
7fc0eb067000-7fc0eb167000 rw-p 00000000 00:00 0 
7fc0eb167000-7fc0eb168000 ---p 00000000 00:00 0 
7fc0eb168000-7fc0eb268000 rw-p 00000000 00:00 0 
7fc0eb268000-7fc0eb269000 ---p 00000000 00:00 0 
7fc0eb269000-7fc0eb369000 rw-p 00000000 00:00 0 
7fc0eb369000-7fc0eb36a000 ---p 00000000 00:00 0 
7fc0eb36a000-7fc0eb5e9000 rw-p 00000000 00:00 0 
7fc0eb5e9000-7fc0eb9c0000 ---p 00000000 00:00 0 
7fc0eb9c0000-7fc0ebb3f000 rw-p 00000000 00:00 0 
7fc0ebb3f000-7fc0ebf15000 ---p 00000000 00:00 0 
7fc0ebf15000-7fc0ec182000 rw-p 00000000 00:00 0 
7fc0ec182000-7fc0ec1c0000 ---p 00000000 00:00 0 
7fc0ec1c0000-7fc0ec1f7000 rw-p 00000000 00:00 0 
7fc0ec1f7000-7fc0ec581000 ---p 00000000 00:00 0 
7fc0ec581000-7fc0ed2e1000 rwxp 00000000 00:00 0 
7fc0ed2e1000-7fc0fb581000 ---p 00000000 00:00 0 
7fc0fb581000-7fc0fb59c000 r-xp 00000000 fc:01 8520011                    /usr/lib/jvm/java-8-oracle/jre/lib/amd64/libzip.so
7fc0fb59c000-7fc0fb79c000 ---p 0001b000 fc:01 8520011                    /usr/lib/jvm/java-8-oracle/jre/lib/amd64/libzip.so
7fc0fb79c000-7fc0fb79d000 rw-p 0001b000 fc:01 8520011                    /usr/lib/jvm/java-8-oracle/jre/lib/amd64/libzip.so
7fc0fb79d000-7fc0fb7a8000 r-xp 00000000 fc:01 12851753                   /lib/x86_64-linux-gnu/libnss_files-2.23.so
7fc0fb7a8000-7fc0fb9a7000 ---p 0000b000 fc:01 12851753                   /lib/x86_64-linux-gnu/libnss_files-2.23.so
7fc0fb9a7000-7fc0fb9a8000 r--p 0000a000 fc:01 12851753                   /lib/x86_64-linux-gnu/libnss_files-2.23.so
7fc0fb9a8000-7fc0fb9a9000 rw-p 0000b000 fc:01 12851753                   /lib/x86_64-linux-gnu/libnss_files-2.23.so
7fc0fb9a9000-7fc0fb9af000 rw-p 00000000 00:00 0 
7fc0fb9af000-7fc0fb9ba000 r-xp 00000000 fc:01 12851759                   /lib/x86_64-linux-gnu/libnss_nis-2.23.so
7fc0fb9ba000-7fc0fbbb9000 ---p 0000b000 fc:01 12851759                   /lib/x86_64-linux-gnu/libnss_nis-2.23.so
7fc0fbbb9000-7fc0fbbba000 r--p 0000a000 fc:01 12851759                   /lib/x86_64-linux-gnu/libnss_nis-2.23.so
7fc0fbbba000-7fc0fbbbb000 rw-p 0000b000 fc:01 12851759                   /lib/x86_64-linux-gnu/libnss_nis-2.23.so
7fc0fbbbb000-7fc0fbbd1000 r-xp 00000000 fc:01 12851745                   /lib/x86_64-linux-gnu/libnsl-2.23.so
7fc0fbbd1000-7fc0fbdd0000 ---p 00016000 fc:01 12851745                   /lib/x86_64-linux-gnu/libnsl-2.23.so
7fc0fbdd0000-7fc0fbdd1000 r--p 00015000 fc:01 12851745                   /lib/x86_64-linux-gnu/libnsl-2.23.so
7fc0fbdd1000-7fc0fbdd2000 rw-p 00016000 fc:01 12851745                   /lib/x86_64-linux-gnu/libnsl-2.23.so
7fc0fbdd2000-7fc0fbdd4000 rw-p 00000000 00:00 0 
7fc0fbdd4000-7fc0fbdff000 r-xp 00000000 fc:01 8520005                    /usr/lib/jvm/java-8-oracle/jre/lib/amd64/libjava.so
7fc0fbdff000-7fc0fbffe000 ---p 0002b000 fc:01 8520005                    /usr/lib/jvm/java-8-oracle/jre/lib/amd64/libjava.so
7fc0fbffe000-7fc0fc000000 rw-p 0002a000 fc:01 8520005                    /usr/lib/jvm/java-8-oracle/jre/lib/amd64/libjava.so
7fc0fc000000-7fc0fc407000 rw-p 00000000 00:00 0 
7fc0fc407000-7fc100000000 ---p 00000000 00:00 0 
7fc10000c000-7fc100014000 r-xp 00000000 fc:01 12851771                   /lib/x86_64-linux-gnu/libnss_compat-2.23.so
7fc100014000-7fc100213000 ---p 00008000 fc:01 12851771                   /lib/x86_64-linux-gnu/libnss_compat-2.23.so
7fc100213000-7fc100214000 r--p 00007000 fc:01 12851771                   /lib/x86_64-linux-gnu/libnss_compat-2.23.so
7fc100214000-7fc100215000 rw-p 00008000 fc:01 12851771                   /lib/x86_64-linux-gnu/libnss_compat-2.23.so
7fc100215000-7fc100222000 r-xp 00000000 fc:01 8520010                    /usr/lib/jvm/java-8-oracle/jre/lib/amd64/libverify.so
7fc100222000-7fc100422000 ---p 0000d000 fc:01 8520010                    /usr/lib/jvm/java-8-oracle/jre/lib/amd64/libverify.so
7fc100422000-7fc100424000 rw-p 0000d000 fc:01 8520010                    /usr/lib/jvm/java-8-oracle/jre/lib/amd64/libverify.so
7fc100424000-7fc10042b000 r-xp 00000000 fc:01 12851763                   /lib/x86_64-linux-gnu/librt-2.23.so
7fc10042b000-7fc10062a000 ---p 00007000 fc:01 12851763                   /lib/x86_64-linux-gnu/librt-2.23.so
7fc10062a000-7fc10062b000 r--p 00006000 fc:01 12851763                   /lib/x86_64-linux-gnu/librt-2.23.so
7fc10062b000-7fc10062c000 rw-p 00007000 fc:01 12851763                   /lib/x86_64-linux-gnu/librt-2.23.so
7fc10062c000-7fc100734000 r-xp 00000000 fc:01 12851781                   /lib/x86_64-linux-gnu/libm-2.23.so
7fc100734000-7fc100933000 ---p 00108000 fc:01 12851781                   /lib/x86_64-linux-gnu/libm-2.23.so
7fc100933000-7fc100934000 r--p 00107000 fc:01 12851781                   /lib/x86_64-linux-gnu/libm-2.23.so
7fc100934000-7fc100935000 rw-p 00108000 fc:01 12851781                   /lib/x86_64-linux-gnu/libm-2.23.so
7fc100935000-7fc101608000 r-xp 00000000 fc:01 8520031                    /usr/lib/jvm/java-8-oracle/jre/lib/amd64/server/libjvm.so
7fc101608000-7fc101807000 ---p 00cd3000 fc:01 8520031                    /usr/lib/jvm/java-8-oracle/jre/lib/amd64/server/libjvm.so
7fc101807000-7fc1018e1000 rw-p 00cd2000 fc:01 8520031                    /usr/lib/jvm/java-8-oracle/jre/lib/amd64/server/libjvm.so
7fc1018e1000-7fc10192c000 rw-p 00000000 00:00 0 
7fc10192c000-7fc101aec000 r-xp 00000000 fc:01 12851792                   /lib/x86_64-linux-gnu/libc-2.23.so
7fc101aec000-7fc101cec000 ---p 001c0000 fc:01 12851792                   /lib/x86_64-linux-gnu/libc-2.23.so
7fc101cec000-7fc101cf0000 r--p 001c0000 fc:01 12851792                   /lib/x86_64-linux-gnu/libc-2.23.so
7fc101cf0000-7fc101cf2000 rw-p 001c4000 fc:01 12851792                   /lib/x86_64-linux-gnu/libc-2.23.so
7fc101cf2000-7fc101cf6000 rw-p 00000000 00:00 0 
7fc101cf6000-7fc101cf9000 r-xp 00000000 fc:01 12851769                   /lib/x86_64-linux-gnu/libdl-2.23.so
7fc101cf9000-7fc101ef8000 ---p 00003000 fc:01 12851769                   /lib/x86_64-linux-gnu/libdl-2.23.so
7fc101ef8000-7fc101ef9000 r--p 00002000 fc:01 12851769                   /lib/x86_64-linux-gnu/libdl-2.23.so
7fc101ef9000-7fc101efa000 rw-p 00003000 fc:01 12851769                   /lib/x86_64-linux-gnu/libdl-2.23.so
7fc101efa000-7fc101f10000 r-xp 00000000 fc:01 8439944                    /usr/lib/jvm/java-8-oracle/lib/amd64/jli/libjli.so
7fc101f10000-7fc10210f000 ---p 00016000 fc:01 8439944                    /usr/lib/jvm/java-8-oracle/lib/amd64/jli/libjli.so
7fc10210f000-7fc102110000 rw-p 00015000 fc:01 8439944                    /usr/lib/jvm/java-8-oracle/lib/amd64/jli/libjli.so
7fc102110000-7fc102128000 r-xp 00000000 fc:01 12851757                   /lib/x86_64-linux-gnu/libpthread-2.23.so
7fc102128000-7fc102327000 ---p 00018000 fc:01 12851757                   /lib/x86_64-linux-gnu/libpthread-2.23.so
7fc102327000-7fc102328000 r--p 00017000 fc:01 12851757                   /lib/x86_64-linux-gnu/libpthread-2.23.so
7fc102328000-7fc102329000 rw-p 00018000 fc:01 12851757                   /lib/x86_64-linux-gnu/libpthread-2.23.so
7fc102329000-7fc10232d000 rw-p 00000000 00:00 0 
7fc10232d000-7fc102353000 r-xp 00000000 fc:01 12851747                   /lib/x86_64-linux-gnu/ld-2.23.so
7fc10235a000-7fc102369000 r--s 000df000 fc:01 2376357                    /home/ddeath/Android/Sdk/build-tools/23.0.1/lib/dx.jar
7fc102369000-7fc102414000 rw-p 00000000 00:00 0 
7fc102414000-7fc102417000 ---p 00000000 00:00 0 
7fc102417000-7fc102519000 rw-p 00000000 00:00 0 
7fc10251e000-7fc102546000 rw-p 00000000 00:00 0 
7fc102546000-7fc10254e000 rw-s 00000000 fc:01 1982190                    /tmp/hsperfdata_ddeath/5801
7fc10254e000-7fc10254f000 rw-p 00000000 00:00 0 
7fc10254f000-7fc102550000 ---p 00000000 00:00 0 
7fc102550000-7fc102552000 rw-p 00000000 00:00 0 
7fc102552000-7fc102553000 r--p 00025000 fc:01 12851747                   /lib/x86_64-linux-gnu/ld-2.23.so
7fc102553000-7fc102554000 rw-p 00026000 fc:01 12851747                   /lib/x86_64-linux-gnu/ld-2.23.so
7fc102554000-7fc102555000 rw-p 00000000 00:00 0 
7ffd5538e000-7ffd553b0000 rw-p 00000000 00:00 0                          [stack]
7ffd553c9000-7ffd553cb000 r--p 00000000 00:00 0                          [vvar]
7ffd553cb000-7ffd553cd000 r-xp 00000000 00:00 0                          [vdso]
ffffffffff600000-ffffffffff601000 r-xp 00000000 00:00 0                  [vsyscall]

VM Arguments:
jvm_args: -Djava.awt.headless=true -Xmx4g -Dfile.encoding=UTF-8 -Duser.country=US -Duser.language=en -Duser.variant 
java_command: com.android.dx.command.Main --dex --num-threads=4 --multi-dex --main-dex-list /home/ddeath/projects/night-of-chances-registration/mobile/NxBuddy/android/app/build/intermediates/multi-dex/release/maindexlist.txt --output /home/ddeath/projects/night-of-chances-registration/mobile/NxBuddy/android/app/build/intermediates/transforms/dex/release/folders/1000/1f/main /home/ddeath/projects/night-of-chances-registration/mobile/NxBuddy/android/app/build/intermediates/transforms/jarMerging/release/jars/1/1f/combined.jar
java_class_path (initial): /home/ddeath/Android/Sdk/build-tools/23.0.1/lib/dx.jar
Launcher Type: SUN_STANDARD

Environment Variables:
JAVA_HOME=/usr/lib/jvm/java-8-oracle
PATH=/home/ddeath/.opam/system/bin:/home/ddeath/bin:/usr/local/sbin:/usr/local/bin:/usr/sbin:/usr/bin:/sbin:/bin:/usr/games:/usr/local/games:/usr/lib/jvm/java-8-oracle/bin:/usr/lib/jvm/java-8-oracle/db/bin:/usr/lib/jvm/java-8-oracle/jre/bin:/home/ddeath/Android/Sdk/tools:/home/ddeath/Android/Sdk/platform-tools:/opt/android-studio/bin:/opt/postman:/home/ddeath/.local/bin
USERNAME=ddeath
SHELL=/bin/bash
DISPLAY=:0

Signal Handlers:
SIGSEGV: [libjvm.so+0xacbe10], sa_mask[0]=11111111011111111101111111111110, sa_flags=SA_RESTART|SA_SIGINFO
SIGBUS: [libjvm.so+0xacbe10], sa_mask[0]=11111111011111111101111111111110, sa_flags=SA_RESTART|SA_SIGINFO
SIGFPE: [libjvm.so+0x924f90], sa_mask[0]=11111111011111111101111111111110, sa_flags=SA_RESTART|SA_SIGINFO
SIGPIPE: [libjvm.so+0x924f90], sa_mask[0]=11111111011111111101111111111110, sa_flags=SA_RESTART|SA_SIGINFO
SIGXFSZ: [libjvm.so+0x924f90], sa_mask[0]=11111111011111111101111111111110, sa_flags=SA_RESTART|SA_SIGINFO
SIGILL: [libjvm.so+0x924f90], sa_mask[0]=11111111011111111101111111111110, sa_flags=SA_RESTART|SA_SIGINFO
SIGUSR1: SIG_DFL, sa_mask[0]=00000000000000000000000000000000, sa_flags=none
SIGUSR2: [libjvm.so+0x9267d0], sa_mask[0]=00100000000000000000000000000000, sa_flags=SA_RESTART|SA_SIGINFO
SIGHUP: [libjvm.so+0x927bd0], sa_mask[0]=11111111011111111101111111111110, sa_flags=SA_RESTART|SA_SIGINFO
SIGINT: [libjvm.so+0x927bd0], sa_mask[0]=11111111011111111101111111111110, sa_flags=SA_RESTART|SA_SIGINFO
SIGTERM: [libjvm.so+0x927bd0], sa_mask[0]=11111111011111111101111111111110, sa_flags=SA_RESTART|SA_SIGINFO
SIGQUIT: [libjvm.so+0x927bd0], sa_mask[0]=11111111011111111101111111111110, sa_flags=SA_RESTART|SA_SIGINFO


---------------  S Y S T E M  ---------------

OS:DISTRIB_ID=LinuxMint
DISTRIB_RELEASE=18
DISTRIB_CODENAME=sarah
DISTRIB_DESCRIPTION="Linux Mint 18 Sarah"

uname:Linux 4.4.0-98-generic #121-Ubuntu SMP Tue Oct 10 14:24:03 UTC 2017 x86_64
libc:glibc 2.23 NPTL 2.23 
rlimit: STACK 8192k, CORE 0k, NPROC 31175, NOFILE 65536, AS infinity
load average:11.77 5.55 3.34

/proc/meminfo:
MemTotal:        8024676 kB
MemFree:          131396 kB
MemAvailable:      45356 kB
Buffers:             700 kB
Cached:           119576 kB
SwapCached:        27084 kB
Active:          5977652 kB
Inactive:        1321164 kB
Active(anon):    5963980 kB
Inactive(anon):  1306512 kB
Active(file):      13672 kB
Inactive(file):    14652 kB
Unevictable:        3788 kB
Mlocked:            3788 kB
SwapTotal:       8232956 kB
SwapFree:              4 kB
Dirty:                20 kB
Writeback:             0 kB
AnonPages:       7150032 kB
Mapped:           187600 kB
Shmem:             91452 kB
Slab:             172536 kB
SReclaimable:      76664 kB
SUnreclaim:        95872 kB
KernelStack:       24656 kB
PageTables:       171028 kB
NFS_Unstable:          0 kB
Bounce:                0 kB
WritebackTmp:          0 kB
CommitLimit:    12245292 kB
Committed_AS:   28425828 kB
VmallocTotal:   34359738367 kB
VmallocUsed:           0 kB
VmallocChunk:          0 kB
HardwareCorrupted:     0 kB
AnonHugePages:    606208 kB
CmaTotal:              0 kB
CmaFree:               0 kB
HugePages_Total:       0
HugePages_Free:        0
HugePages_Rsvd:        0
HugePages_Surp:        0
Hugepagesize:       2048 kB
DirectMap4k:     1095936 kB
DirectMap2M:     7141376 kB


CPU:total 4 (initial active 4) (2 cores per cpu, 2 threads per core) family 6 model 42 stepping 7, cmov, cx8, fxsr, mmx, sse, sse2, sse3, ssse3, sse4.1, sse4.2, popcnt, avx, aes, clmul, ht, tsc, tscinvbit

/proc/cpuinfo:
processor	: 0
vendor_id	: GenuineIntel
cpu family	: 6
model		: 42
model name	: Intel(R) Core(TM) i5-2430M CPU @ 2.40GHz
stepping	: 7
microcode	: 0x29
cpu MHz		: 2299.968
cache size	: 3072 KB
physical id	: 0
siblings	: 4
core id		: 0
cpu cores	: 2
apicid		: 0
initial apicid	: 0
fpu		: yes
fpu_exception	: yes
cpuid level	: 13
wp		: yes
flags		: fpu vme de pse tsc msr pae mce cx8 apic sep mtrr pge mca cmov pat pse36 clflush dts acpi mmx fxsr sse sse2 ss ht tm pbe syscall nx rdtscp lm constant_tsc arch_perfmon pebs bts rep_good nopl xtopology nonstop_tsc aperfmperf eagerfpu pni pclmulqdq dtes64 monitor ds_cpl vmx est tm2 ssse3 cx16 xtpr pdcm pcid sse4_1 sse4_2 x2apic popcnt tsc_deadline_timer aes xsave avx lahf_lm epb tpr_shadow vnmi flexpriority ept vpid xsaveopt dtherm ida arat pln pts
bugs		:
bogomips	: 4789.34
clflush size	: 64
cache_alignment	: 64
address sizes	: 36 bits physical, 48 bits virtual
power management:

processor	: 1
vendor_id	: GenuineIntel
cpu family	: 6
model		: 42
model name	: Intel(R) Core(TM) i5-2430M CPU @ 2.40GHz
stepping	: 7
microcode	: 0x29
cpu MHz		: 2299.968
cache size	: 3072 KB
physical id	: 0
siblings	: 4
core id		: 0
cpu cores	: 2
apicid		: 1
initial apicid	: 1
fpu		: yes
fpu_exception	: yes
cpuid level	: 13
wp		: yes
flags		: fpu vme de pse tsc msr pae mce cx8 apic sep mtrr pge mca cmov pat pse36 clflush dts acpi mmx fxsr sse sse2 ss ht tm pbe syscall nx rdtscp lm constant_tsc arch_perfmon pebs bts rep_good nopl xtopology nonstop_tsc aperfmperf eagerfpu pni pclmulqdq dtes64 monitor ds_cpl vmx est tm2 ssse3 cx16 xtpr pdcm pcid sse4_1 sse4_2 x2apic popcnt tsc_deadline_timer aes xsave avx lahf_lm epb tpr_shadow vnmi flexpriority ept vpid xsaveopt dtherm ida arat pln pts
bugs		:
bogomips	: 4789.34
clflush size	: 64
cache_alignment	: 64
address sizes	: 36 bits physical, 48 bits virtual
power management:

processor	: 2
vendor_id	: GenuineIntel
cpu family	: 6
model		: 42
model name	: Intel(R) Core(TM) i5-2430M CPU @ 2.40GHz
stepping	: 7
microcode	: 0x29
cpu MHz		: 2299.968
cache size	: 3072 KB
physical id	: 0
siblings	: 4
core id		: 1
cpu cores	: 2
apicid		: 2
initial apicid	: 2
fpu		: yes
fpu_exception	: yes
cpuid level	: 13
wp		: yes
flags		: fpu vme de pse tsc msr pae mce cx8 apic sep mtrr pge mca cmov pat pse36 clflush dts acpi mmx fxsr sse sse2 ss ht tm pbe syscall nx rdtscp lm constant_tsc arch_perfmon pebs bts rep_good nopl xtopology nonstop_tsc aperfmperf eagerfpu pni pclmulqdq dtes64 monitor ds_cpl vmx est tm2 ssse3 cx16 xtpr pdcm pcid sse4_1 sse4_2 x2apic popcnt tsc_deadline_timer aes xsave avx lahf_lm epb tpr_shadow vnmi flexpriority ept vpid xsaveopt dtherm ida arat pln pts
bugs		:
bogomips	: 4789.34
clflush size	: 64
cache_alignment	: 64
address sizes	: 36 bits physical, 48 bits virtual
power management:

processor	: 3
vendor_id	: GenuineIntel
cpu family	: 6
model		: 42
model name	: Intel(R) Core(TM) i5-2430M CPU @ 2.40GHz
stepping	: 7
microcode	: 0x29
cpu MHz		: 2299.968
cache size	: 3072 KB
physical id	: 0
siblings	: 4
core id		: 1
cpu cores	: 2
apicid		: 3
initial apicid	: 3
fpu		: yes
fpu_exception	: yes
cpuid level	: 13
wp		: yes
flags		: fpu vme de pse tsc msr pae mce cx8 apic sep mtrr pge mca cmov pat pse36 clflush dts acpi mmx fxsr sse sse2 ss ht tm pbe syscall nx rdtscp lm constant_tsc arch_perfmon pebs bts rep_good nopl xtopology nonstop_tsc aperfmperf eagerfpu pni pclmulqdq dtes64 monitor ds_cpl vmx est tm2 ssse3 cx16 xtpr pdcm pcid sse4_1 sse4_2 x2apic popcnt tsc_deadline_timer aes xsave avx lahf_lm epb tpr_shadow vnmi flexpriority ept vpid xsaveopt dtherm ida arat pln pts
bugs		:
bogomips	: 4789.34
clflush size	: 64
cache_alignment	: 64
address sizes	: 36 bits physical, 48 bits virtual
power management:



Memory: 4k page, physical 8024676k(131296k free), swap 8232956k(0k free)

vm_info: Java HotSpot(TM) 64-Bit Server VM (25.151-b12) for linux-amd64 JRE (1.8.0_151-b12), built on Sep  5 2017 19:20:58 by "java_re" with gcc 4.3.0 20080428 (Red Hat 4.3.0-8)

time: Thu Jan 18 00:24:17 2018
elapsed time: 93 seconds (0d 0h 1m 33s)

